
Interface: wlan0

Time: 23:01:38

======================================================================

feb 11 23:01:40 mrx-server systemd-resolved[553]: Flushed all caches.
[[0;32m OK [0m]	Limpiando de caches completado

======================================================================

11-02-2023

Limpiando la cache de DNS...



		La IP Publica es: 92.189.190.237


101domain.com

[>] DNS RESOLUTION FOR: 101domain.com
	[[92m[1mOK[0m] DNS [92mSUCCESS
[0m
[>] THROWING PING FOR: 101domain.com
	[1] Estado del servicio:	[[1m[92mOK[0m]
	Tiempo de respuesta: 5.56 ms

	Host: 101domain.com
	Ip Publica: 104.23.140.9
	Estado: OK
	Intentos: 1/3
	Latencia: 5.56 ms
	Fecha: 11-02-2023
	Hora: 23:01:40

	[[92mOK[0m] PING [92mSUCCESS
[0m
==============================================
20minutos.es

[>] DNS RESOLUTION FOR: 20minutos.es
	[[92m[1mOK[0m] DNS [92mSUCCESS
[0m
[>] THROWING PING FOR: 20minutos.es
	[1] Estado del servicio:	[[1m[92mOK[0m]
	Tiempo de respuesta: 6.33 ms

	Host: 20minutos.es
	Ip Publica: 18.154.41.32
	Estado: OK
	Intentos: 1/3
	Latencia: 6.33 ms
	Fecha: 11-02-2023
	Hora: 23:01:41

	[[92mOK[0m] PING [92mSUCCESS
[0m
==============================================
2checkout.com

[>] DNS RESOLUTION FOR: 2checkout.com
	[[92m[1mOK[0m] DNS [92mSUCCESS
[0m
[>] THROWING PING FOR: 2checkout.com
	[0] Estado del servicio:	[[1m[93mN/A[0m]

	Host: 2checkout.com
	Ip Publica: N/A
	Estado: N/A
	Intentos: 0/3
	Latencia: 0.0 ms
	Fecha: 11-02-2023
	Hora: 23:01:41

	[[91mFAIL[0m] NO PING, [91mBANNED [0mHOST

==============================================
4shared.com

[>] DNS RESOLUTION FOR: 4shared.com
	[[92m[1mOK[0m] DNS [92mSUCCESS
[0m
[>] THROWING PING FOR: 4shared.com
	[1] Estado del servicio:	[[1m[91mKO[0m]
	[2] Estado del servicio:	[[1m[92mOK[0m]
	Tiempo de respuesta: 140 ms

	Host: 4shared.com
	Ip Publica: 204.155.149.43
	Estado: OK
	Intentos: 2/3
	Latencia: 140 ms
	Fecha: 11-02-2023
	Hora: 23:01:41

	[[92mOK[0m] PING [92mSUCCESS
[0m
==============================================
500px.com

[>] DNS RESOLUTION FOR: 500px.com
	[[92m[1mOK[0m] DNS [92mSUCCESS
[0m
[>] THROWING PING FOR: 500px.com
	[0] Estado del servicio:	[[1m[93mN/A[0m]

	Host: 500px.com
	Ip Publica: N/A
	Estado: N/A
	Intentos: 0/3
	Latencia: 0.0 ms
	Fecha: 11-02-2023
	Hora: 23:01:41

	[[91mFAIL[0m] NO PING, [91mBANNED [0mHOST

==============================================
abacus.coop

[>] DNS RESOLUTION FOR: abacus.coop
	[[92m[1mOK[0m] DNS [92mSUCCESS
[0m
[>] THROWING PING FOR: abacus.coop
	[1] Estado del servicio:	[[1m[92mOK[0m]
	Tiempo de respuesta: 5.77 ms

	Host: abacus.coop
	Ip Publica: 104.16.62.20
	Estado: OK
	Intentos: 1/3
	Latencia: 5.77 ms
	Fecha: 11-02-2023
	Hora: 23:01:41

	[[92mOK[0m] PING [92mSUCCESS
[0m
==============================================
abanca.com

[>] DNS RESOLUTION FOR: abanca.com
	[[92m[1mOK[0m] DNS [92mSUCCESS
[0m
[>] THROWING PING FOR: abanca.com
	[1] Estado del servicio:	[[1m[92mOK[0m]
	Tiempo de respuesta: 34.6 ms

	Host: abanca.com
	Ip Publica: 213.170.41.173
	Estado: OK
	Intentos: 1/3
	Latencia: 34.6 ms
	Fecha: 11-02-2023
	Hora: 23:01:42

	[[92mOK[0m] PING [92mSUCCESS
[0m
==============================================
abc.es

[>] DNS RESOLUTION FOR: abc.es
	[[92m[1mOK[0m] DNS [92mSUCCESS
[0m
[>] THROWING PING FOR: abc.es
	[1] Estado del servicio:	[[1m[92mOK[0m]
	Tiempo de respuesta: 5.73 ms

	Host: abc.es
	Ip Publica: 23.200.66.141
	Estado: OK
	Intentos: 1/3
	Latencia: 5.73 ms
	Fecha: 11-02-2023
	Hora: 23:01:42

	[[92mOK[0m] PING [92mSUCCESS
[0m
==============================================
abv.bg

[>] DNS RESOLUTION FOR: abv.bg
	[[92m[1mOK[0m] DNS [92mSUCCESS
[0m
[>] THROWING PING FOR: abv.bg
	[1] Estado del servicio:	[[1m[91mKO[0m]
	[2] Estado del servicio:	[[1m[91mKO[0m]
	[3] Estado del servicio:	[[1m[91mKO[0m]

	Host: abv.bg
	Ip Publica: N/A
	Estado: KO
	Intentos: 3/3
	Latencia: 0.0 ms
	Fecha: 11-02-2023
	Hora: 23:01:43

	[[91mFAIL[0m] PING [91mERROR
[0m
==============================================
academia.edu

[>] DNS RESOLUTION FOR: academia.edu
	[[92m[1mOK[0m] DNS [92mSUCCESS
[0m
[>] THROWING PING FOR: academia.edu
	[1] Estado del servicio:	[[1m[92mOK[0m]
	Tiempo de respuesta: 5.82 ms

	Host: academia.edu
	Ip Publica: 54.192.95.67
	Estado: OK
	Intentos: 1/3
	Latencia: 5.82 ms
	Fecha: 11-02-2023
	Hora: 23:01:43

	[[92mOK[0m] PING [92mSUCCESS
[0m
==============================================
accenture.com

[>] DNS RESOLUTION FOR: accenture.com
	[[92m[1mOK[0m] DNS [92mSUCCESS
[0m
[>] THROWING PING FOR: accenture.com
	[0] Estado del servicio:	[[1m[93mN/A[0m]

	Host: accenture.com
	Ip Publica: N/A
	Estado: N/A
	Intentos: 0/3
	Latencia: 0.0 ms
	Fecha: 11-02-2023
	Hora: 23:01:44

	[[91mFAIL[0m] NO PING, [91mBANNED [0mHOST

==============================================
accounts.google.com

[>] DNS RESOLUTION FOR: accounts.google.com
	[[92m[1mOK[0m] DNS [92mSUCCESS
[0m
[>] THROWING PING FOR: accounts.google.com
	[1] Estado del servicio:	[[1m[92mOK[0m]
	Tiempo de respuesta: 5.80 ms

	Host: accounts.google.com
	Ip Publica: 142.250.200.109
	Estado: OK
	Intentos: 1/3
	Latencia: 5.80 ms
	Fecha: 11-02-2023
	Hora: 23:01:44

	[[92mOK[0m] PING [92mSUCCESS
[0m
==============================================
accuweather.com

[>] DNS RESOLUTION FOR: accuweather.com
	[[92m[1mOK[0m] DNS [92mSUCCESS
[0m
[>] THROWING PING FOR: accuweather.com
	[1] Estado del servicio:	[[1m[91mKO[0m]
	[2] Estado del servicio:	[[1m[91mKO[0m]
