==========================================
Hora Inicio en formato UTC: 19:18:01
	[INFO] lanzando Script "/home/mrx/TFG/proyecto/LatencyQuality/sourceCode/netPulse_multi.py" . . .
==========================================
Hora Inicio en formato UTC: 19:19:01
	[INFO] lanzando Script "/home/mrx/TFG/proyecto/LatencyQuality/sourceCode/netPulse_multi.py" . . .
Hora Fin en formato UTC: 19:19:14
	[INFO] Proceso Finalizado
Hora Fin en formato UTC: 19:19:52
	[INFO] Proceso Finalizado
==========================================
Hora Inicio en formato UTC: 19:20:01
	[INFO] lanzando Script "/home/mrx/TFG/proyecto/LatencyQuality/sourceCode/netPulse_multi.py" . . .
Hora Fin en formato UTC: 19:20:47
	[INFO] Proceso Finalizado
==========================================
Hora Inicio en formato UTC: 19:21:01
	[INFO] lanzando Script "/home/mrx/TFG/proyecto/LatencyQuality/sourceCode/netPulse_multi.py" . . .
Hora Fin en formato UTC: 19:21:44
	[INFO] Proceso Finalizado
==========================================
Hora Inicio en formato UTC: 19:22:01
	[INFO] lanzando Script "/home/mrx/TFG/proyecto/LatencyQuality/sourceCode/netPulse_multi.py" . . .
==========================================
Hora Inicio en formato UTC: 19:23:01
	[INFO] lanzando Script "/home/mrx/TFG/proyecto/LatencyQuality/sourceCode/netPulse_multi.py" . . .
Hora Fin en formato UTC: 19:23:04
	[INFO] Proceso Finalizado
==========================================
Hora Inicio en formato UTC: 19:24:01
	[INFO] lanzando Script "/home/mrx/TFG/proyecto/LatencyQuality/sourceCode/netPulse_multi.py" . . .
Hora Fin en formato UTC: 19:24:22
	[INFO] Proceso Finalizado
==========================================
Hora Inicio en formato UTC: 19:25:01
	[INFO] lanzando Script "/home/mrx/TFG/proyecto/LatencyQuality/sourceCode/netPulse_multi.py" . . .
Hora Fin en formato UTC: 19:25:29
	[INFO] Proceso Finalizado
Hora Fin en formato UTC: 19:25:59
	[INFO] Proceso Finalizado
==========================================
Hora Inicio en formato UTC: 19:26:01
	[INFO] lanzando Script "/home/mrx/TFG/proyecto/LatencyQuality/sourceCode/netPulse_multi.py" . . .
Hora Fin en formato UTC: 19:26:44
	[INFO] Proceso Finalizado
==========================================
Hora Inicio en formato UTC: 19:27:01
	[INFO] lanzando Script "/home/mrx/TFG/proyecto/LatencyQuality/sourceCode/netPulse_multi.py" . . .
Hora Fin en formato UTC: 19:27:43
	[INFO] Proceso Finalizado
==========================================
Hora Inicio en formato UTC: 19:28:01
	[INFO] lanzando Script "/home/mrx/TFG/proyecto/LatencyQuality/sourceCode/netPulse_multi.py" . . .
Hora Fin en formato UTC: 19:28:44
	[INFO] Proceso Finalizado
==========================================
Hora Inicio en formato UTC: 19:29:01
	[INFO] lanzando Script "/home/mrx/TFG/proyecto/LatencyQuality/sourceCode/netPulse_multi.py" . . .
Hora Fin en formato UTC: 19:29:43
	[INFO] Proceso Finalizado
==========================================
Hora Inicio en formato UTC: 19:30:01
	[INFO] lanzando Script "/home/mrx/TFG/proyecto/LatencyQuality/sourceCode/netPulse_multi.py" . . .
Hora Fin en formato UTC: 19:30:54
	[INFO] Proceso Finalizado
==========================================
Hora Inicio en formato UTC: 19:31:01
	[INFO] lanzando Script "/home/mrx/TFG/proyecto/LatencyQuality/sourceCode/netPulse_multi.py" . . .
Hora Fin en formato UTC: 19:31:45
	[INFO] Proceso Finalizado
==========================================
Hora Inicio en formato UTC: 19:32:01
	[INFO] lanzando Script "/home/mrx/TFG/proyecto/LatencyQuality/sourceCode/netPulse_multi.py" . . .
Hora Fin en formato UTC: 19:32:44
	[INFO] Proceso Finalizado
==========================================
Hora Inicio en formato UTC: 19:33:01
	[INFO] lanzando Script "/home/mrx/TFG/proyecto/LatencyQuality/sourceCode/netPulse_multi.py" . . .
Hora Fin en formato UTC: 19:33:46
	[INFO] Proceso Finalizado
==========================================
Hora Inicio en formato UTC: 19:34:01
	[INFO] lanzando Script "/home/mrx/TFG/proyecto/LatencyQuality/sourceCode/netPulse_multi.py" . . .
Hora Fin en formato UTC: 19:34:44
	[INFO] Proceso Finalizado
==========================================
Hora Inicio en formato UTC: 19:35:01
	[INFO] lanzando Script "/home/mrx/TFG/proyecto/LatencyQuality/sourceCode/netPulse_multi.py" . . .
Hora Fin en formato UTC: 19:35:55
	[INFO] Proceso Finalizado
==========================================
Hora Inicio en formato UTC: 19:36:01
	[INFO] lanzando Script "/home/mrx/TFG/proyecto/LatencyQuality/sourceCode/netPulse_multi.py" . . .
Hora Fin en formato UTC: 19:36:45
	[INFO] Proceso Finalizado
==========================================
Hora Inicio en formato UTC: 19:37:01
	[INFO] lanzando Script "/home/mrx/TFG/proyecto/LatencyQuality/sourceCode/netPulse_multi.py" . . .
Hora Fin en formato UTC: 19:37:44
	[INFO] Proceso Finalizado
==========================================
Hora Inicio en formato UTC: 19:38:01
	[INFO] lanzando Script "/home/mrx/TFG/proyecto/LatencyQuality/sourceCode/netPulse_multi.py" . . .
Hora Fin en formato UTC: 19:38:43
	[INFO] Proceso Finalizado
==========================================
Hora Inicio en formato UTC: 19:39:01
	[INFO] lanzando Script "/home/mrx/TFG/proyecto/LatencyQuality/sourceCode/netPulse_multi.py" . . .
Hora Fin en formato UTC: 19:39:45
	[INFO] Proceso Finalizado
==========================================
Hora Inicio en formato UTC: 19:40:01
	[INFO] lanzando Script "/home/mrx/TFG/proyecto/LatencyQuality/sourceCode/netPulse_multi.py" . . .
Hora Fin en formato UTC: 19:40:42
	[INFO] Proceso Finalizado
==========================================
Hora Inicio en formato UTC: 21:26:01
	[INFO] lanzando Script "/home/mrx/TFG/proyecto/LatencyQuality/sourceCode/netPulse_multi.py" . . .
Hora Fin en formato UTC: 21:26:48
	[INFO] Proceso Finalizado
==========================================
Hora Inicio en formato UTC: 21:27:01
	[INFO] lanzando Script "/home/mrx/TFG/proyecto/LatencyQuality/sourceCode/netPulse_multi.py" . . .
Hora Fin en formato UTC: 21:27:50
	[INFO] Proceso Finalizado
==========================================
Hora Inicio en formato UTC: 21:28:01
	[INFO] lanzando Script "/home/mrx/TFG/proyecto/LatencyQuality/sourceCode/netPulse_multi.py" . . .
Hora Fin en formato UTC: 21:28:50
	[INFO] Proceso Finalizado
==========================================
Hora Inicio en formato UTC: 21:29:01
	[INFO] lanzando Script "/home/mrx/TFG/proyecto/LatencyQuality/sourceCode/netPulse_multi.py" . . .
Hora Fin en formato UTC: 21:29:50
	[INFO] Proceso Finalizado
==========================================
Hora Inicio en formato UTC: 21:30:01
	[INFO] lanzando Script "/home/mrx/TFG/proyecto/LatencyQuality/sourceCode/netPulse_multi.py" . . .
Hora Fin en formato UTC: 21:30:53
	[INFO] Proceso Finalizado
==========================================
Hora Inicio en formato UTC: 21:31:01
	[INFO] lanzando Script "/home/mrx/TFG/proyecto/LatencyQuality/sourceCode/netPulse_multi.py" . . .
Hora Fin en formato UTC: 21:31:53
	[INFO] Proceso Finalizado
==========================================
Hora Inicio en formato UTC: 21:32:01
	[INFO] lanzando Script "/home/mrx/TFG/proyecto/LatencyQuality/sourceCode/netPulse_multi.py" . . .
Hora Fin en formato UTC: 21:32:49
	[INFO] Proceso Finalizado
==========================================
Hora Inicio en formato UTC: 21:33:01
	[INFO] lanzando Script "/home/mrx/TFG/proyecto/LatencyQuality/sourceCode/netPulse_multi.py" . . .
Hora Fin en formato UTC: 21:33:43
	[INFO] Proceso Finalizado
==========================================
Hora Inicio en formato UTC: 21:34:01
	[INFO] lanzando Script "/home/mrx/TFG/proyecto/LatencyQuality/sourceCode/netPulse_multi.py" . . .
Hora Fin en formato UTC: 21:34:47
	[INFO] Proceso Finalizado
==========================================
Hora Inicio en formato UTC: 21:35:01
	[INFO] lanzando Script "/home/mrx/TFG/proyecto/LatencyQuality/sourceCode/netPulse_multi.py" . . .
Hora Fin en formato UTC: 21:35:43
	[INFO] Proceso Finalizado
==========================================
Hora Inicio en formato UTC: 21:36:01
	[INFO] lanzando Script "/home/mrx/TFG/proyecto/LatencyQuality/sourceCode/netPulse_multi.py" . . .
Hora Fin en formato UTC: 21:36:47
	[INFO] Proceso Finalizado
==========================================
Hora Inicio en formato UTC: 21:37:01
	[INFO] lanzando Script "/home/mrx/TFG/proyecto/LatencyQuality/sourceCode/netPulse_multi.py" . . .
Hora Fin en formato UTC: 21:37:44
	[INFO] Proceso Finalizado
==========================================
Hora Inicio en formato UTC: 21:38:01
	[INFO] lanzando Script "/home/mrx/TFG/proyecto/LatencyQuality/sourceCode/netPulse_multi.py" . . .
Hora Fin en formato UTC: 21:38:44
	[INFO] Proceso Finalizado
==========================================
Hora Inicio en formato UTC: 21:39:01
	[INFO] lanzando Script "/home/mrx/TFG/proyecto/LatencyQuality/sourceCode/netPulse_multi.py" . . .
Hora Fin en formato UTC: 21:39:45
	[INFO] Proceso Finalizado
