==========================================
Hora Inicio en formato UTC: 16:40:01
	[INFO] lanzando Script "/home/mrx/TFG/proyecto/LatencyQuality/sourceCode/netPulse.py" . . .
Hora Fin en formato UTC: 16:42:17
	[INFO] Proceso Finalizado
==========================================
Hora Inicio en formato UTC: 16:45:01
	[INFO] lanzando Script "/home/mrx/TFG/proyecto/LatencyQuality/sourceCode/netPulse.py" . . .
Hora Fin en formato UTC: 16:47:04
	[INFO] Proceso Finalizado
==========================================
Hora Inicio en formato UTC: 16:50:01
	[INFO] lanzando Script "/home/mrx/TFG/proyecto/LatencyQuality/sourceCode/netPulse.py" . . .
Hora Fin en formato UTC: 16:51:57
	[INFO] Proceso Finalizado
==========================================
Hora Inicio en formato UTC: 16:55:01
	[INFO] lanzando Script "/home/mrx/TFG/proyecto/LatencyQuality/sourceCode/netPulse.py" . . .
Hora Fin en formato UTC: 16:56:48
	[INFO] Proceso Finalizado
==========================================
Hora Inicio en formato UTC: 17:00:01
	[INFO] lanzando Script "/home/mrx/TFG/proyecto/LatencyQuality/sourceCode/netPulse.py" . . .
Hora Fin en formato UTC: 17:01:42
	[INFO] Proceso Finalizado
==========================================
Hora Inicio en formato UTC: 17:05:01
	[INFO] lanzando Script "/home/mrx/TFG/proyecto/LatencyQuality/sourceCode/netPulse.py" . . .
Hora Fin en formato UTC: 17:06:49
	[INFO] Proceso Finalizado
==========================================
Hora Inicio en formato UTC: 17:10:02
	[INFO] lanzando Script "/home/mrx/TFG/proyecto/LatencyQuality/sourceCode/netPulse.py" . . .
Hora Fin en formato UTC: 17:11:56
	[INFO] Proceso Finalizado
==========================================
Hora Inicio en formato UTC: 17:15:01
	[INFO] lanzando Script "/home/mrx/TFG/proyecto/LatencyQuality/sourceCode/netPulse.py" . . .
Hora Fin en formato UTC: 17:16:51
	[INFO] Proceso Finalizado
==========================================
Hora Inicio en formato UTC: 17:20:01
	[INFO] lanzando Script "/home/mrx/TFG/proyecto/LatencyQuality/sourceCode/netPulse.py" . . .
Hora Fin en formato UTC: 17:21:49
	[INFO] Proceso Finalizado
==========================================
Hora Inicio en formato UTC: 17:25:01
	[INFO] lanzando Script "/home/mrx/TFG/proyecto/LatencyQuality/sourceCode/netPulse.py" . . .
Hora Fin en formato UTC: 17:26:52
	[INFO] Proceso Finalizado
==========================================
Hora Inicio en formato UTC: 17:30:01
	[INFO] lanzando Script "/home/mrx/TFG/proyecto/LatencyQuality/sourceCode/netPulse.py" . . .
Hora Fin en formato UTC: 17:31:49
	[INFO] Proceso Finalizado
==========================================
Hora Inicio en formato UTC: 17:35:01
	[INFO] lanzando Script "/home/mrx/TFG/proyecto/LatencyQuality/sourceCode/netPulse.py" . . .
Hora Fin en formato UTC: 17:36:45
	[INFO] Proceso Finalizado
==========================================
Hora Inicio en formato UTC: 17:40:01
	[INFO] lanzando Script "/home/mrx/TFG/proyecto/LatencyQuality/sourceCode/netPulse.py" . . .
Hora Fin en formato UTC: 17:41:48
	[INFO] Proceso Finalizado
==========================================
Hora Inicio en formato UTC: 17:45:01
	[INFO] lanzando Script "/home/mrx/TFG/proyecto/LatencyQuality/sourceCode/netPulse.py" . . .
Hora Fin en formato UTC: 17:46:50
	[INFO] Proceso Finalizado
==========================================
Hora Inicio en formato UTC: 17:50:01
	[INFO] lanzando Script "/home/mrx/TFG/proyecto/LatencyQuality/sourceCode/netPulse.py" . . .
Hora Fin en formato UTC: 17:51:52
	[INFO] Proceso Finalizado
==========================================
Hora Inicio en formato UTC: 17:55:01
	[INFO] lanzando Script "/home/mrx/TFG/proyecto/LatencyQuality/sourceCode/netPulse.py" . . .
Hora Fin en formato UTC: 17:56:45
	[INFO] Proceso Finalizado
==========================================
Hora Inicio en formato UTC: 18:00:01
	[INFO] lanzando Script "/home/mrx/TFG/proyecto/LatencyQuality/sourceCode/netPulse.py" . . .
Hora Fin en formato UTC: 18:01:46
	[INFO] Proceso Finalizado
==========================================
Hora Inicio en formato UTC: 18:05:01
	[INFO] lanzando Script "/home/mrx/TFG/proyecto/LatencyQuality/sourceCode/netPulse.py" . . .
Hora Fin en formato UTC: 18:06:56
	[INFO] Proceso Finalizado
==========================================
Hora Inicio en formato UTC: 18:10:01
	[INFO] lanzando Script "/home/mrx/TFG/proyecto/LatencyQuality/sourceCode/netPulse.py" . . .
Hora Fin en formato UTC: 18:11:50
	[INFO] Proceso Finalizado
==========================================
Hora Inicio en formato UTC: 18:15:01
	[INFO] lanzando Script "/home/mrx/TFG/proyecto/LatencyQuality/sourceCode/netPulse.py" . . .
Hora Fin en formato UTC: 18:16:52
	[INFO] Proceso Finalizado
==========================================
Hora Inicio en formato UTC: 18:20:01
	[INFO] lanzando Script "/home/mrx/TFG/proyecto/LatencyQuality/sourceCode/netPulse.py" . . .
Hora Fin en formato UTC: 18:21:43
	[INFO] Proceso Finalizado
==========================================
Hora Inicio en formato UTC: 18:25:01
	[INFO] lanzando Script "/home/mrx/TFG/proyecto/LatencyQuality/sourceCode/netPulse.py" . . .
Hora Fin en formato UTC: 18:26:47
	[INFO] Proceso Finalizado
==========================================
Hora Inicio en formato UTC: 18:30:01
	[INFO] lanzando Script "/home/mrx/TFG/proyecto/LatencyQuality/sourceCode/netPulse.py" . . .
Hora Fin en formato UTC: 18:31:57
	[INFO] Proceso Finalizado
==========================================
Hora Inicio en formato UTC: 18:35:01
	[INFO] lanzando Script "/home/mrx/TFG/proyecto/LatencyQuality/sourceCode/netPulse.py" . . .
Hora Fin en formato UTC: 18:36:52
	[INFO] Proceso Finalizado
==========================================
Hora Inicio en formato UTC: 18:40:01
	[INFO] lanzando Script "/home/mrx/TFG/proyecto/LatencyQuality/sourceCode/netPulse.py" . . .
Hora Fin en formato UTC: 18:41:47
	[INFO] Proceso Finalizado
==========================================
Hora Inicio en formato UTC: 18:45:01
	[INFO] lanzando Script "/home/mrx/TFG/proyecto/LatencyQuality/sourceCode/netPulse.py" . . .
Hora Fin en formato UTC: 18:46:52
	[INFO] Proceso Finalizado
==========================================
Hora Inicio en formato UTC: 18:50:01
	[INFO] lanzando Script "/home/mrx/TFG/proyecto/LatencyQuality/sourceCode/netPulse.py" . . .
Hora Fin en formato UTC: 18:51:48
	[INFO] Proceso Finalizado
