==========================================
Hora Inicio en formato UTC: 22:30:01
	[INFO] lanzando Script "/home/mrx/TFG/proyecto/LatencyQuality/sourceCode/netPulse.py" . . .
Hora Fin en formato UTC: 22:34:15
	[INFO] Proceso Finalizado
==========================================
Hora Inicio en formato UTC: 22:35:01
	[INFO] lanzando Script "/home/mrx/TFG/proyecto/LatencyQuality/sourceCode/netPulse.py" . . .
Hora Fin en formato UTC: 22:38:54
	[INFO] Proceso Finalizado
==========================================
Hora Inicio en formato UTC: 22:40:01
	[INFO] lanzando Script "/home/mrx/TFG/proyecto/LatencyQuality/sourceCode/netPulse.py" . . .
Hora Fin en formato UTC: 22:43:58
	[INFO] Proceso Finalizado
==========================================
Hora Inicio en formato UTC: 22:45:01
	[INFO] lanzando Script "/home/mrx/TFG/proyecto/LatencyQuality/sourceCode/netPulse.py" . . .
Hora Fin en formato UTC: 22:48:53
	[INFO] Proceso Finalizado
==========================================
Hora Inicio en formato UTC: 22:50:01
	[INFO] lanzando Script "/home/mrx/TFG/proyecto/LatencyQuality/sourceCode/netPulse.py" . . .
Hora Fin en formato UTC: 22:53:50
	[INFO] Proceso Finalizado
==========================================
Hora Inicio en formato UTC: 22:55:02
	[INFO] lanzando Script "/home/mrx/TFG/proyecto/LatencyQuality/sourceCode/netPulse.py" . . .
Hora Fin en formato UTC: 22:58:52
	[INFO] Proceso Finalizado
==========================================
Hora Inicio en formato UTC: 23:00:01
	[INFO] lanzando Script "/home/mrx/TFG/proyecto/LatencyQuality/sourceCode/netPulse.py" . . .
Hora Fin en formato UTC: 23:03:44
	[INFO] Proceso Finalizado
==========================================
Hora Inicio en formato UTC: 23:05:01
	[INFO] lanzando Script "/home/mrx/TFG/proyecto/LatencyQuality/sourceCode/netPulse.py" . . .
Hora Fin en formato UTC: 23:08:45
	[INFO] Proceso Finalizado
==========================================
Hora Inicio en formato UTC: 23:10:01
	[INFO] lanzando Script "/home/mrx/TFG/proyecto/LatencyQuality/sourceCode/netPulse.py" . . .
Hora Fin en formato UTC: 23:13:50
	[INFO] Proceso Finalizado
==========================================
Hora Inicio en formato UTC: 23:15:01
	[INFO] lanzando Script "/home/mrx/TFG/proyecto/LatencyQuality/sourceCode/netPulse.py" . . .
Hora Fin en formato UTC: 23:18:58
	[INFO] Proceso Finalizado
==========================================
Hora Inicio en formato UTC: 23:20:01
	[INFO] lanzando Script "/home/mrx/TFG/proyecto/LatencyQuality/sourceCode/netPulse.py" . . .
Hora Fin en formato UTC: 23:23:49
	[INFO] Proceso Finalizado
==========================================
Hora Inicio en formato UTC: 23:25:01
	[INFO] lanzando Script "/home/mrx/TFG/proyecto/LatencyQuality/sourceCode/netPulse.py" . . .
Hora Fin en formato UTC: 23:28:46
	[INFO] Proceso Finalizado
==========================================
Hora Inicio en formato UTC: 23:30:01
	[INFO] lanzando Script "/home/mrx/TFG/proyecto/LatencyQuality/sourceCode/netPulse.py" . . .
Hora Fin en formato UTC: 23:33:49
	[INFO] Proceso Finalizado
==========================================
Hora Inicio en formato UTC: 23:35:01
	[INFO] lanzando Script "/home/mrx/TFG/proyecto/LatencyQuality/sourceCode/netPulse.py" . . .
Hora Fin en formato UTC: 23:38:53
	[INFO] Proceso Finalizado
==========================================
Hora Inicio en formato UTC: 23:40:01
	[INFO] lanzando Script "/home/mrx/TFG/proyecto/LatencyQuality/sourceCode/netPulse.py" . . .
Hora Fin en formato UTC: 23:43:46
	[INFO] Proceso Finalizado
==========================================
Hora Inicio en formato UTC: 23:45:01
	[INFO] lanzando Script "/home/mrx/TFG/proyecto/LatencyQuality/sourceCode/netPulse.py" . . .
Hora Fin en formato UTC: 23:48:42
	[INFO] Proceso Finalizado
==========================================
Hora Inicio en formato UTC: 23:50:01
	[INFO] lanzando Script "/home/mrx/TFG/proyecto/LatencyQuality/sourceCode/netPulse.py" . . .
Hora Fin en formato UTC: 23:53:47
	[INFO] Proceso Finalizado
==========================================
Hora Inicio en formato UTC: 23:55:01
	[INFO] lanzando Script "/home/mrx/TFG/proyecto/LatencyQuality/sourceCode/netPulse.py" . . .
Hora Fin en formato UTC: 23:58:46
	[INFO] Proceso Finalizado
