==========================================
Hora Inicio en formato UTC: 14:23:27
	[INFO] lanzando Script "/home/mrx/TFG/proyecto/LatencyQuality/sourceCode/netPulse.py" . . .
==========================================
Hora Inicio en formato UTC: 14:23:38
	[INFO] lanzando Script "/home/mrx/TFG/proyecto/LatencyQuality/sourceCode/netPulse.py" . . .
Hora Fin en formato UTC: 14:23:42
	[INFO] Proceso Finalizado
==========================================
Hora Inicio en formato UTC: 14:24:04
	[INFO] lanzando Script "/home/mrx/TFG/proyecto/LatencyQuality/sourceCode/netPulse.py" . . .
Hora Fin en formato UTC: 14:28:13
	[INFO] Proceso Finalizado
==========================================
Hora Inicio en formato UTC: 14:35:01
	[INFO] lanzando Script "/home/mrx/TFG/proyecto/LatencyQuality/sourceCode/netPulse.py" . . .
Hora Fin en formato UTC: 14:38:58
	[INFO] Proceso Finalizado
==========================================
Hora Inicio en formato UTC: 14:40:01
	[INFO] lanzando Script "/home/mrx/TFG/proyecto/LatencyQuality/sourceCode/netPulse.py" . . .
Hora Fin en formato UTC: 14:43:58
	[INFO] Proceso Finalizado
==========================================
Hora Inicio en formato UTC: 14:45:01
	[INFO] lanzando Script "/home/mrx/TFG/proyecto/LatencyQuality/sourceCode/netPulse.py" . . .
Hora Fin en formato UTC: 14:48:47
	[INFO] Proceso Finalizado
==========================================
Hora Inicio en formato UTC: 14:50:01
	[INFO] lanzando Script "/home/mrx/TFG/proyecto/LatencyQuality/sourceCode/netPulse.py" . . .
Hora Fin en formato UTC: 14:53:41
	[INFO] Proceso Finalizado
==========================================
Hora Inicio en formato UTC: 14:55:01
	[INFO] lanzando Script "/home/mrx/TFG/proyecto/LatencyQuality/sourceCode/netPulse.py" . . .
Hora Fin en formato UTC: 14:58:41
	[INFO] Proceso Finalizado
==========================================
Hora Inicio en formato UTC: 15:00:01
	[INFO] lanzando Script "/home/mrx/TFG/proyecto/LatencyQuality/sourceCode/netPulse.py" . . .
Hora Fin en formato UTC: 15:03:52
	[INFO] Proceso Finalizado
==========================================
Hora Inicio en formato UTC: 15:05:01
	[INFO] lanzando Script "/home/mrx/TFG/proyecto/LatencyQuality/sourceCode/netPulse.py" . . .
Hora Fin en formato UTC: 15:08:53
	[INFO] Proceso Finalizado
