==========================================
Hora Inicio en formato UTC: 00:00:01
	[INFO] lanzando Script . . .
Hora Fin en formato UTC: 00:00:01
	[INFO] Proceso Finalizado
==========================================
Hora Inicio en formato UTC: 00:15:01
	[INFO] lanzando Script . . .
Hora Fin en formato UTC: 00:15:01
	[INFO] Proceso Finalizado
==========================================
Hora Inicio en formato UTC: 00:30:01
	[INFO] lanzando Script . . .
Hora Fin en formato UTC: 00:30:01
	[INFO] Proceso Finalizado
==========================================
Hora Inicio en formato UTC: 00:45:02
	[INFO] lanzando Script . . .
Hora Fin en formato UTC: 00:45:02
	[INFO] Proceso Finalizado
