==========================================
Hora Inicio en formato UTC: 08:23:01
	[INFO] lanzando Script "/home/mrx/TFG/proyecto/LatencyQuality/sourceCode/netPulse_multi.py" . . .
Hora Fin en formato UTC: 08:23:01
	[INFO] Proceso Finalizado
==========================================
Hora Inicio en formato UTC: 08:24:01
	[INFO] lanzando Script "/home/mrx/TFG/proyecto/LatencyQuality/Client/sourceCode/netPulse_multi.py" . . .
Hora Fin en formato UTC: 08:24:05
	[INFO] Proceso Finalizado
==========================================
Hora Inicio en formato UTC: 08:25:01
	[INFO] lanzando Script "/home/mrx/TFG/proyecto/LatencyQuality/Client/sourceCode/netPulse_multi.py" . . .
Hora Fin en formato UTC: 08:25:03
	[INFO] Proceso Finalizado
==========================================
Hora Inicio en formato UTC: 08:26:01
	[INFO] lanzando Script "/home/mrx/TFG/proyecto/LatencyQuality/Client/sourceCode/netPulse_multi.py" . . .
Hora Fin en formato UTC: 08:26:50
	[INFO] Proceso Finalizado
==========================================
Hora Inicio en formato UTC: 08:27:01
	[INFO] lanzando Script "/home/mrx/TFG/proyecto/LatencyQuality/Client/sourceCode/netPulse_multi.py" . . .
Hora Fin en formato UTC: 08:27:46
	[INFO] Proceso Finalizado
==========================================
Hora Inicio en formato UTC: 08:28:01
	[INFO] lanzando Script "/home/mrx/TFG/proyecto/LatencyQuality/Client/sourceCode/netPulse_multi.py" . . .
Hora Fin en formato UTC: 08:28:45
	[INFO] Proceso Finalizado
==========================================
Hora Inicio en formato UTC: 08:29:01
	[INFO] lanzando Script "/home/mrx/TFG/proyecto/LatencyQuality/Client/sourceCode/netPulse_multi.py" . . .
Hora Fin en formato UTC: 08:29:45
	[INFO] Proceso Finalizado
==========================================
Hora Inicio en formato UTC: 08:30:01
	[INFO] lanzando Script "/home/mrx/TFG/proyecto/LatencyQuality/Client/sourceCode/netPulse_multi.py" . . .
Hora Fin en formato UTC: 08:30:44
	[INFO] Proceso Finalizado
==========================================
Hora Inicio en formato UTC: 08:31:01
	[INFO] lanzando Script "/home/mrx/TFG/proyecto/LatencyQuality/Client/sourceCode/netPulse_multi.py" . . .
Hora Fin en formato UTC: 08:31:45
	[INFO] Proceso Finalizado
==========================================
Hora Inicio en formato UTC: 08:32:01
	[INFO] lanzando Script "/home/mrx/TFG/proyecto/LatencyQuality/Client/sourceCode/netPulse_multi.py" . . .
Hora Fin en formato UTC: 08:32:44
	[INFO] Proceso Finalizado
==========================================
Hora Inicio en formato UTC: 08:33:01
	[INFO] lanzando Script "/home/mrx/TFG/proyecto/LatencyQuality/Client/sourceCode/netPulse_multi.py" . . .
Hora Fin en formato UTC: 08:33:43
	[INFO] Proceso Finalizado
==========================================
Hora Inicio en formato UTC: 08:34:01
	[INFO] lanzando Script "/home/mrx/TFG/proyecto/LatencyQuality/Client/sourceCode/netPulse_multi.py" . . .
Hora Fin en formato UTC: 08:34:44
	[INFO] Proceso Finalizado
==========================================
Hora Inicio en formato UTC: 08:35:01
	[INFO] lanzando Script "/home/mrx/TFG/proyecto/LatencyQuality/Client/sourceCode/netPulse_multi.py" . . .
Hora Fin en formato UTC: 08:35:45
	[INFO] Proceso Finalizado
==========================================
Hora Inicio en formato UTC: 08:36:01
	[INFO] lanzando Script "/home/mrx/TFG/proyecto/LatencyQuality/Client/sourceCode/netPulse_multi.py" . . .
Hora Fin en formato UTC: 08:36:43
	[INFO] Proceso Finalizado
==========================================
Hora Inicio en formato UTC: 08:37:01
	[INFO] lanzando Script "/home/mrx/TFG/proyecto/LatencyQuality/Client/sourceCode/netPulse_multi.py" . . .
Hora Fin en formato UTC: 08:37:44
	[INFO] Proceso Finalizado
==========================================
Hora Inicio en formato UTC: 08:38:01
	[INFO] lanzando Script "/home/mrx/TFG/proyecto/LatencyQuality/Client/sourceCode/netPulse_multi.py" . . .
Hora Fin en formato UTC: 08:38:44
	[INFO] Proceso Finalizado
==========================================
Hora Inicio en formato UTC: 08:39:01
	[INFO] lanzando Script "/home/mrx/TFG/proyecto/LatencyQuality/Client/sourceCode/netPulse_multi.py" . . .
Hora Fin en formato UTC: 08:39:44
	[INFO] Proceso Finalizado
==========================================
Hora Inicio en formato UTC: 08:40:01
	[INFO] lanzando Script "/home/mrx/TFG/proyecto/LatencyQuality/Client/sourceCode/netPulse_multi.py" . . .
Hora Fin en formato UTC: 08:40:44
	[INFO] Proceso Finalizado
==========================================
Hora Inicio en formato UTC: 08:41:01
	[INFO] lanzando Script "/home/mrx/TFG/proyecto/LatencyQuality/Client/sourceCode/netPulse_multi.py" . . .
Hora Fin en formato UTC: 08:41:43
	[INFO] Proceso Finalizado
==========================================
Hora Inicio en formato UTC: 08:42:01
	[INFO] lanzando Script "/home/mrx/TFG/proyecto/LatencyQuality/Client/sourceCode/netPulse_multi.py" . . .
Hora Fin en formato UTC: 08:42:44
	[INFO] Proceso Finalizado
==========================================
Hora Inicio en formato UTC: 08:43:01
	[INFO] lanzando Script "/home/mrx/TFG/proyecto/LatencyQuality/Client/sourceCode/netPulse_multi.py" . . .
Hora Fin en formato UTC: 08:43:45
	[INFO] Proceso Finalizado
==========================================
Hora Inicio en formato UTC: 08:44:01
	[INFO] lanzando Script "/home/mrx/TFG/proyecto/LatencyQuality/Client/sourceCode/netPulse_multi.py" . . .
Hora Fin en formato UTC: 08:44:44
	[INFO] Proceso Finalizado
==========================================
Hora Inicio en formato UTC: 08:45:01
	[INFO] lanzando Script "/home/mrx/TFG/proyecto/LatencyQuality/Client/sourceCode/netPulse_multi.py" . . .
Hora Fin en formato UTC: 08:45:44
	[INFO] Proceso Finalizado
==========================================
Hora Inicio en formato UTC: 08:46:01
	[INFO] lanzando Script "/home/mrx/TFG/proyecto/LatencyQuality/Client/sourceCode/netPulse_multi.py" . . .
Hora Fin en formato UTC: 08:46:45
	[INFO] Proceso Finalizado
