==========================================
Hora Inicio en formato UTC: 09:55:01
	[INFO] lanzando Script "/home/mrx/TFG/proyecto/LatencyQuality/sourceCode/netPulse.py" . . .
Hora Fin en formato UTC: 09:57:13
	[INFO] Proceso Finalizado
==========================================
Hora Inicio en formato UTC: 10:00:01
	[INFO] lanzando Script "/home/mrx/TFG/proyecto/LatencyQuality/sourceCode/netPulse.py" . . .
Hora Fin en formato UTC: 10:01:59
	[INFO] Proceso Finalizado
==========================================
Hora Inicio en formato UTC: 10:05:01
	[INFO] lanzando Script "/home/mrx/TFG/proyecto/LatencyQuality/sourceCode/netPulse.py" . . .
Hora Fin en formato UTC: 10:06:55
	[INFO] Proceso Finalizado
==========================================
Hora Inicio en formato UTC: 10:10:01
	[INFO] lanzando Script "/home/mrx/TFG/proyecto/LatencyQuality/sourceCode/netPulse.py" . . .
Hora Fin en formato UTC: 10:11:51
	[INFO] Proceso Finalizado
==========================================
Hora Inicio en formato UTC: 10:15:01
	[INFO] lanzando Script "/home/mrx/TFG/proyecto/LatencyQuality/sourceCode/netPulse.py" . . .
Hora Fin en formato UTC: 10:16:45
	[INFO] Proceso Finalizado
==========================================
Hora Inicio en formato UTC: 10:20:01
	[INFO] lanzando Script "/home/mrx/TFG/proyecto/LatencyQuality/sourceCode/netPulse.py" . . .
Hora Fin en formato UTC: 10:21:49
	[INFO] Proceso Finalizado
==========================================
Hora Inicio en formato UTC: 10:25:01
	[INFO] lanzando Script "/home/mrx/TFG/proyecto/LatencyQuality/sourceCode/netPulse.py" . . .
Hora Fin en formato UTC: 10:26:48
	[INFO] Proceso Finalizado
==========================================
Hora Inicio en formato UTC: 10:30:01
	[INFO] lanzando Script "/home/mrx/TFG/proyecto/LatencyQuality/sourceCode/netPulse.py" . . .
Hora Fin en formato UTC: 10:31:51
	[INFO] Proceso Finalizado
==========================================
Hora Inicio en formato UTC: 10:35:01
	[INFO] lanzando Script "/home/mrx/TFG/proyecto/LatencyQuality/sourceCode/netPulse.py" . . .
Hora Fin en formato UTC: 10:36:42
	[INFO] Proceso Finalizado
==========================================
Hora Inicio en formato UTC: 10:40:01
	[INFO] lanzando Script "/home/mrx/TFG/proyecto/LatencyQuality/sourceCode/netPulse.py" . . .
Hora Fin en formato UTC: 10:41:46
	[INFO] Proceso Finalizado
==========================================
Hora Inicio en formato UTC: 10:45:01
	[INFO] lanzando Script "/home/mrx/TFG/proyecto/LatencyQuality/sourceCode/netPulse.py" . . .
Hora Fin en formato UTC: 10:46:50
	[INFO] Proceso Finalizado
==========================================
Hora Inicio en formato UTC: 10:50:01
	[INFO] lanzando Script "/home/mrx/TFG/proyecto/LatencyQuality/sourceCode/netPulse.py" . . .
Hora Fin en formato UTC: 10:51:50
	[INFO] Proceso Finalizado
==========================================
Hora Inicio en formato UTC: 10:55:01
	[INFO] lanzando Script "/home/mrx/TFG/proyecto/LatencyQuality/sourceCode/netPulse.py" . . .
Hora Fin en formato UTC: 10:56:52
	[INFO] Proceso Finalizado
==========================================
Hora Inicio en formato UTC: 11:00:01
	[INFO] lanzando Script "/home/mrx/TFG/proyecto/LatencyQuality/sourceCode/netPulse.py" . . .
Hora Fin en formato UTC: 11:01:41
	[INFO] Proceso Finalizado
==========================================
Hora Inicio en formato UTC: 11:05:01
	[INFO] lanzando Script "/home/mrx/TFG/proyecto/LatencyQuality/sourceCode/netPulse.py" . . .
Hora Fin en formato UTC: 11:06:48
	[INFO] Proceso Finalizado
==========================================
Hora Inicio en formato UTC: 11:10:01
	[INFO] lanzando Script "/home/mrx/TFG/proyecto/LatencyQuality/sourceCode/netPulse.py" . . .
Hora Fin en formato UTC: 11:11:55
	[INFO] Proceso Finalizado
==========================================
Hora Inicio en formato UTC: 11:15:01
	[INFO] lanzando Script "/home/mrx/TFG/proyecto/LatencyQuality/sourceCode/netPulse.py" . . .
Hora Fin en formato UTC: 11:16:44
	[INFO] Proceso Finalizado
==========================================
Hora Inicio en formato UTC: 11:20:01
	[INFO] lanzando Script "/home/mrx/TFG/proyecto/LatencyQuality/sourceCode/netPulse.py" . . .
Hora Fin en formato UTC: 11:21:51
	[INFO] Proceso Finalizado
==========================================
Hora Inicio en formato UTC: 11:25:01
	[INFO] lanzando Script "/home/mrx/TFG/proyecto/LatencyQuality/sourceCode/netPulse.py" . . .
Hora Fin en formato UTC: 11:26:50
	[INFO] Proceso Finalizado
==========================================
Hora Inicio en formato UTC: 11:30:01
	[INFO] lanzando Script "/home/mrx/TFG/proyecto/LatencyQuality/sourceCode/netPulse.py" . . .
Hora Fin en formato UTC: 11:31:55
	[INFO] Proceso Finalizado
==========================================
Hora Inicio en formato UTC: 11:35:01
	[INFO] lanzando Script "/home/mrx/TFG/proyecto/LatencyQuality/sourceCode/netPulse.py" . . .
Hora Fin en formato UTC: 11:36:50
	[INFO] Proceso Finalizado
==========================================
Hora Inicio en formato UTC: 11:40:01
	[INFO] lanzando Script "/home/mrx/TFG/proyecto/LatencyQuality/sourceCode/netPulse.py" . . .
Hora Fin en formato UTC: 11:41:44
	[INFO] Proceso Finalizado
==========================================
Hora Inicio en formato UTC: 11:45:01
	[INFO] lanzando Script "/home/mrx/TFG/proyecto/LatencyQuality/sourceCode/netPulse.py" . . .
Hora Fin en formato UTC: 11:46:46
	[INFO] Proceso Finalizado
==========================================
Hora Inicio en formato UTC: 11:50:01
	[INFO] lanzando Script "/home/mrx/TFG/proyecto/LatencyQuality/sourceCode/netPulse.py" . . .
Hora Fin en formato UTC: 11:51:50
	[INFO] Proceso Finalizado
==========================================
Hora Inicio en formato UTC: 11:55:01
	[INFO] lanzando Script "/home/mrx/TFG/proyecto/LatencyQuality/sourceCode/netPulse.py" . . .
Hora Fin en formato UTC: 11:56:49
	[INFO] Proceso Finalizado
==========================================
Hora Inicio en formato UTC: 12:00:01
	[INFO] lanzando Script "/home/mrx/TFG/proyecto/LatencyQuality/sourceCode/netPulse.py" . . .
Hora Fin en formato UTC: 12:01:46
	[INFO] Proceso Finalizado
==========================================
Hora Inicio en formato UTC: 12:05:01
	[INFO] lanzando Script "/home/mrx/TFG/proyecto/LatencyQuality/sourceCode/netPulse.py" . . .
Hora Fin en formato UTC: 12:06:50
	[INFO] Proceso Finalizado
==========================================
Hora Inicio en formato UTC: 12:10:01
	[INFO] lanzando Script "/home/mrx/TFG/proyecto/LatencyQuality/sourceCode/netPulse.py" . . .
Hora Fin en formato UTC: 12:11:59
	[INFO] Proceso Finalizado
==========================================
Hora Inicio en formato UTC: 12:15:01
	[INFO] lanzando Script "/home/mrx/TFG/proyecto/LatencyQuality/sourceCode/netPulse.py" . . .
Hora Fin en formato UTC: 12:16:44
	[INFO] Proceso Finalizado
==========================================
Hora Inicio en formato UTC: 12:20:01
	[INFO] lanzando Script "/home/mrx/TFG/proyecto/LatencyQuality/sourceCode/netPulse.py" . . .
Hora Fin en formato UTC: 12:21:44
	[INFO] Proceso Finalizado
==========================================
Hora Inicio en formato UTC: 18:05:01
	[INFO] lanzando Script "/home/mrx/TFG/proyecto/LatencyQuality/sourceCode/netPulse.py" . . .
Hora Fin en formato UTC: 18:07:15
	[INFO] Proceso Finalizado
==========================================
Hora Inicio en formato UTC: 18:10:01
	[INFO] lanzando Script "/home/mrx/TFG/proyecto/LatencyQuality/sourceCode/netPulse.py" . . .
Hora Fin en formato UTC: 18:12:03
	[INFO] Proceso Finalizado
==========================================
Hora Inicio en formato UTC: 18:15:02
	[INFO] lanzando Script "/home/mrx/TFG/proyecto/LatencyQuality/sourceCode/netPulse.py" . . .
Hora Fin en formato UTC: 18:16:54
	[INFO] Proceso Finalizado
==========================================
Hora Inicio en formato UTC: 18:20:01
	[INFO] lanzando Script "/home/mrx/TFG/proyecto/LatencyQuality/sourceCode/netPulse.py" . . .
Hora Fin en formato UTC: 18:21:44
	[INFO] Proceso Finalizado
==========================================
Hora Inicio en formato UTC: 18:25:01
	[INFO] lanzando Script "/home/mrx/TFG/proyecto/LatencyQuality/sourceCode/netPulse.py" . . .
Hora Fin en formato UTC: 18:26:47
	[INFO] Proceso Finalizado
==========================================
Hora Inicio en formato UTC: 18:30:01
	[INFO] lanzando Script "/home/mrx/TFG/proyecto/LatencyQuality/sourceCode/netPulse.py" . . .
Hora Fin en formato UTC: 18:31:56
	[INFO] Proceso Finalizado
==========================================
Hora Inicio en formato UTC: 18:35:01
	[INFO] lanzando Script "/home/mrx/TFG/proyecto/LatencyQuality/sourceCode/netPulse.py" . . .
Hora Fin en formato UTC: 18:36:45
	[INFO] Proceso Finalizado
==========================================
Hora Inicio en formato UTC: 18:40:01
	[INFO] lanzando Script "/home/mrx/TFG/proyecto/LatencyQuality/sourceCode/netPulse.py" . . .
Hora Fin en formato UTC: 18:41:50
	[INFO] Proceso Finalizado
==========================================
Hora Inicio en formato UTC: 18:45:01
	[INFO] lanzando Script "/home/mrx/TFG/proyecto/LatencyQuality/sourceCode/netPulse.py" . . .
Hora Fin en formato UTC: 18:46:41
	[INFO] Proceso Finalizado
==========================================
Hora Inicio en formato UTC: 18:50:01
	[INFO] lanzando Script "/home/mrx/TFG/proyecto/LatencyQuality/sourceCode/netPulse.py" . . .
Hora Fin en formato UTC: 18:51:56
	[INFO] Proceso Finalizado
==========================================
Hora Inicio en formato UTC: 18:55:01
	[INFO] lanzando Script "/home/mrx/TFG/proyecto/LatencyQuality/sourceCode/netPulse.py" . . .
Hora Fin en formato UTC: 18:56:49
	[INFO] Proceso Finalizado
==========================================
Hora Inicio en formato UTC: 19:00:01
	[INFO] lanzando Script "/home/mrx/TFG/proyecto/LatencyQuality/sourceCode/netPulse.py" . . .
Hora Fin en formato UTC: 19:01:49
	[INFO] Proceso Finalizado
==========================================
Hora Inicio en formato UTC: 19:05:01
	[INFO] lanzando Script "/home/mrx/TFG/proyecto/LatencyQuality/sourceCode/netPulse.py" . . .
Hora Fin en formato UTC: 19:06:48
	[INFO] Proceso Finalizado
==========================================
Hora Inicio en formato UTC: 19:10:02
	[INFO] lanzando Script "/home/mrx/TFG/proyecto/LatencyQuality/sourceCode/netPulse.py" . . .
Hora Fin en formato UTC: 19:11:57
	[INFO] Proceso Finalizado
==========================================
Hora Inicio en formato UTC: 19:15:01
	[INFO] lanzando Script "/home/mrx/TFG/proyecto/LatencyQuality/sourceCode/netPulse.py" . . .
Hora Fin en formato UTC: 19:16:46
	[INFO] Proceso Finalizado
==========================================
Hora Inicio en formato UTC: 19:20:02
	[INFO] lanzando Script "/home/mrx/TFG/proyecto/LatencyQuality/sourceCode/netPulse.py" . . .
Hora Fin en formato UTC: 19:21:51
	[INFO] Proceso Finalizado
==========================================
Hora Inicio en formato UTC: 19:25:01
	[INFO] lanzando Script "/home/mrx/TFG/proyecto/LatencyQuality/sourceCode/netPulse.py" . . .
Hora Fin en formato UTC: 19:26:47
	[INFO] Proceso Finalizado
==========================================
Hora Inicio en formato UTC: 19:30:01
	[INFO] lanzando Script "/home/mrx/TFG/proyecto/LatencyQuality/sourceCode/netPulse.py" . . .
Hora Fin en formato UTC: 19:31:55
	[INFO] Proceso Finalizado
